<?xml version="1.0" encoding="UTF-8"?>
<testsuite name="org.example.endpoint.publicAPI.service.RandomFactsServiceImplTest" tests="1" skipped="0" failures="0" errors="0" timestamp="2024-10-28T14:37:17" hostname="POL-CQRM7C3" time="1.289">
  <properties/>
  <testcase name="testGetRandomFact()" classname="org.example.endpoint.publicAPI.service.RandomFactsServiceImplTest" time="1.289"/>
  <system-out><![CDATA[]]></system-out>
  <system-err><![CDATA[]]></system-err>
</testsuite>
